<?xml version="1.0" encoding="UTF-8"?>
<!-- Generated by org.testng.reporters.JUnitReportReporter -->
<testsuite hostname="LAPTOP-5COVPCDK" failures="0" tests="1" name="com.rmajhi.tests.TC_002_HomePage" time="14.946" errors="0" timestamp="19 Jun 2021 09:23:48 GMT" skipped="0">
  <testcase classname="com.rmajhi.tests.TC_002_HomePage" name="Login" time="14.946"/>
</testsuite> <!-- com.rmajhi.tests.TC_002_HomePage -->
