<?xml version="1.0" encoding="UTF-8"?>
<!-- Generated by org.testng.reporters.JUnitReportReporter -->
<testsuite hostname="LAPTOP-5COVPCDK" failures="0" tests="1" name="com.rmajhi.tests.TC_002_HomePage" time="11.893" errors="0" timestamp="19 Jun 2021 11:06:08 GMT" skipped="0">
  <testcase classname="com.rmajhi.tests.TC_002_HomePage" name="Login" time="11.893"/>
</testsuite> <!-- com.rmajhi.tests.TC_002_HomePage -->
